<?xml version="1.0" encoding="UTF-8"?>
<!-- Generated by org.testng.reporters.JUnitReportReporter -->
<testsuite hostname="KVM986-" failures="0" tests="3" name="retail.MediumLevelTests" time="32.149" errors="0" timestamp="20 Nov 2019 07:49:20 GMT" skipped="0">
  <testcase classname="retail.MediumLevelTests" name="rTTC_041" time="16.820"/>
  <testcase classname="retail.MediumLevelTests" name="rTTC_040" time="5.226"/>
  <testcase classname="retail.MediumLevelTests" name="rTTC_042" time="10.103"/>
</testsuite> <!-- retail.MediumLevelTests -->
