<?xml version="1.0" encoding="UTF-8"?>
<!-- Generated by org.testng.reporters.JUnitReportReporter -->
<testsuite hostname="KVM986-" failures="0" tests="1" name="com.training.pom.RetailHomePOM" time="35.228" errors="0" timestamp="18 Nov 2019 19:01:01 GMT" skipped="0">
  <testcase classname="com.training.pom.RetailHomePOM" name="vv" time="35.228"/>
</testsuite> <!-- com.training.pom.RetailHomePOM -->
