<?xml version="1.0" encoding="UTF-8"?>
<!-- Generated by org.testng.reporters.JUnitReportReporter -->
<testsuite hostname="KVM986-" failures="0" tests="3" name="retail.TC002" time="33.745" errors="0" timestamp="20 Nov 2019 07:57:50 GMT" skipped="0">
  <testcase classname="retail.TC002" name="rTTC_041" time="18.286"/>
  <testcase classname="retail.TC002" name="rTTC_040" time="5.687"/>
  <testcase classname="retail.TC002" name="rTTC_042" time="9.772"/>
</testsuite> <!-- retail.TC002 -->
