<?xml version="1.0" encoding="UTF-8"?>
<!-- Generated by org.testng.reporters.JUnitReportReporter -->
<testsuite hostname="KVM986-" failures="0" tests="2" name="retail.TC001" time="12.278" errors="0" timestamp="18 Nov 2019 21:10:49 GMT" skipped="0">
  <testcase classname="retail.TC001" name="rTTC_011" time="8.459"/>
  <testcase classname="retail.TC001" name="rTTC_012" time="3.819"/>
</testsuite> <!-- retail.TC001 -->
