<?xml version="1.0" encoding="UTF-8"?>
<!-- Generated by org.testng.reporters.JUnitReportReporter -->
<testsuite hostname="KVM986-" failures="0" tests="3" name="retail.EasyLevelTests" time="54.426" errors="0" timestamp="20 Nov 2019 07:51:23 GMT" skipped="0">
  <testcase classname="retail.EasyLevelTests" name="rTTC_010" time="48.884"/>
  <testcase classname="retail.EasyLevelTests" name="rTTC_011" time="3.922"/>
  <testcase classname="retail.EasyLevelTests" name="rTTC_012" time="1.620"/>
</testsuite> <!-- retail.EasyLevelTests -->
